<?xml version="1.0" encoding="UTF-8"?>
<!-- Generated by org.testng.reporters.JUnitXMLReporter -->
<testsuite ignored="0" hostname="LAPTOP-IFE0J4KT" failures="0" tests="3" name="Test" time="26.667" errors="0" timestamp="2022-03-08T21:31:09 ICT">
  <testcase classname="test.LandingPage" name="LandingPageBeforeLogin" time="8.321"/>
  <testcase classname="test.LandingPage" name="LandingPageToScreenFromBanner" time="8.142"/>
  <testcase classname="test.LandingPage" name="LandingPageToRegisterScreen" time="10.178"/>
</testsuite> <!-- Test -->
