<?xml version="1.0" encoding="UTF-8"?>
<testng-results ignored="5" total="7" passed="2" failed="0" skipped="0">
  <reporter-output>
  </reporter-output>
  <suite started-at="2022-03-10T21:39:37 ICT" name="WilopoMobileSuite" finished-at="2022-03-10T21:40:03 ICT" duration-ms="25963">
    <groups>
    </groups>
    <test started-at="2022-03-10T21:39:37 ICT" name="WilopoMobileTest" finished-at="2022-03-10T21:40:03 ICT" duration-ms="25963">
      <class name="test.Register">
        <test-method signature="RegisterUser()[pri:0, instance:test.Register@485966cc]" started-at="2022-03-10T21:39:47 ICT" name="RegisterUser" finished-at="2022-03-10T21:40:03 ICT" duration-ms="16191" status="PASS">
          <reporter-output>
          </reporter-output>
        </test-method> <!-- RegisterUser -->
      </class> <!-- test.Register -->
      <class name="test.LandingPage">
        <test-method signature="LandingPageToListArticle()[pri:0, instance:test.LandingPage@5acf93bb]" started-at="2022-03-10T21:39:37 ICT" name="LandingPageToListArticle" finished-at="2022-03-10T21:39:47 ICT" duration-ms="9748" status="PASS">
          <reporter-output>
          </reporter-output>
        </test-method> <!-- LandingPageToListArticle -->
      </class> <!-- test.LandingPage -->
    </test> <!-- WilopoMobileTest -->
  </suite> <!-- WilopoMobileSuite -->
</testng-results>
