<?xml version="1.0" encoding="UTF-8"?>
<!-- Generated by org.testng.reporters.JUnitXMLReporter -->
<testsuite ignored="5" hostname="LAPTOP-IFE0J4KT" failures="0" tests="2" name="WilopoMobileTest" time="25.963" errors="0" timestamp="2022-03-10T21:40:03 ICT">
  <testcase classname="test.LandingPage" name="LandingPageToListArticle" time="9.748"/>
  <testcase classname="test.Register" name="RegisterUser" time="16.191"/>
  <testcase classname="test.LandingPage" name="LandingPageToDetailArticle" time="0.0">
    <ignored/>
  </testcase> <!-- LandingPageToDetailArticle -->
  <testcase classname="test.LandingPage" name="LandingPageBeforeLogin" time="0.0">
    <ignored/>
  </testcase> <!-- LandingPageBeforeLogin -->
  <testcase classname="test.LandingPage" name="LandingPageToRegisterScreen" time="0.0">
    <ignored/>
  </testcase> <!-- LandingPageToRegisterScreen -->
  <testcase classname="test.LandingPage" name="LandingPageCheckNavbarButton" time="0.0">
    <ignored/>
  </testcase> <!-- LandingPageCheckNavbarButton -->
  <testcase classname="test.LandingPage" name="LandingPageToScreenFromBanner" time="0.0">
    <ignored/>
  </testcase> <!-- LandingPageToScreenFromBanner -->
</testsuite> <!-- WilopoMobileTest -->
